<?xml version="1.0" encoding="UTF-8"?>
<testsuites>
  <testsuite name="tests" tests="61" assertions="116" failures="0" errors="0" time="0.993247">
    <testsuite name="CommandInvokerTest" file="D:\Git\Latihan\DOSBox.php\tests\DOSBox\Command\CommandInvokerTest.php" tests="14" assertions="16" failures="0" errors="0" time="0.300208">
      <testcase name="testGetCommands" class="CommandInvokerTest" file="D:\Git\Latihan\DOSBox.php\tests\DOSBox\Command\CommandInvokerTest.php" line="19" assertions="1" time="0.105112"/>
      <testcase name="testParseEmptyStringCommand" class="CommandInvokerTest" file="D:\Git\Latihan\DOSBox.php\tests\DOSBox\Command\CommandInvokerTest.php" line="23" assertions="1" time="0.029494"/>
      <testcase name="testParseOnlyCommandName" class="CommandInvokerTest" file="D:\Git\Latihan\DOSBox.php\tests\DOSBox\Command\CommandInvokerTest.php" line="27" assertions="1" time="0.013626"/>
      <testcase name="testParseUpperCaseCommandName" class="CommandInvokerTest" file="D:\Git\Latihan\DOSBox.php\tests\DOSBox\Command\CommandInvokerTest.php" line="31" assertions="1" time="0.011815"/>
      <testcase name="testParseCommandNameWithOneParam" class="CommandInvokerTest" file="D:\Git\Latihan\DOSBox.php\tests\DOSBox\Command\CommandInvokerTest.php" line="35" assertions="1" time="0.014013"/>
      <testcase name="testParseCommandNameWithComma" class="CommandInvokerTest" file="D:\Git\Latihan\DOSBox.php\tests\DOSBox\Command\CommandInvokerTest.php" line="39" assertions="1" time="0.012233"/>
      <testcase name="testParseCommandNameEndsWithComma" class="CommandInvokerTest" file="D:\Git\Latihan\DOSBox.php\tests\DOSBox\Command\CommandInvokerTest.php" line="43" assertions="1" time="0.011633"/>
      <testcase name="testParseCommandNameEndsWithWhiteSpaces" class="CommandInvokerTest" file="D:\Git\Latihan\DOSBox.php\tests\DOSBox\Command\CommandInvokerTest.php" line="47" assertions="1" time="0.013644"/>
      <testcase name="testParseCommandNameWithSingleLetterParam" class="CommandInvokerTest" file="D:\Git\Latihan\DOSBox.php\tests\DOSBox\Command\CommandInvokerTest.php" line="51" assertions="1" time="0.012529"/>
      <testcase name="testExtractCommandParams" class="CommandInvokerTest" file="D:\Git\Latihan\DOSBox.php\tests\DOSBox\Command\CommandInvokerTest.php" line="55" assertions="1" time="0.011872"/>
      <testcase name="testParseCommandNoParams" class="CommandInvokerTest" file="D:\Git\Latihan\DOSBox.php\tests\DOSBox\Command\CommandInvokerTest.php" line="59" assertions="1" time="0.012506"/>
      <testcase name="testParseCommandTwoParamsWithSeveralSpaces" class="CommandInvokerTest" file="D:\Git\Latihan\DOSBox.php\tests\DOSBox\Command\CommandInvokerTest.php" line="65" assertions="3" time="0.022877"/>
      <testcase name="testExecuteCommand" class="CommandInvokerTest" file="D:\Git\Latihan\DOSBox.php\tests\DOSBox\Command\CommandInvokerTest.php" line="72" assertions="1" time="0.015387"/>
      <testcase name="testExecuteUnavailableCommand" class="CommandInvokerTest" file="D:\Git\Latihan\DOSBox.php\tests\DOSBox\Command\CommandInvokerTest.php" line="77" assertions="1" time="0.013467"/>
    </testsuite>
    <testsuite name="CmdCdTest" file="D:\Git\Latihan\DOSBox.php\tests\DOSBox\Command\Library\CmdCdTest.php" tests="13" assertions="27" failures="0" errors="0" time="0.184304">
      <testcase name="testCmdCd_ChangeToSubdirectory_ChangesDirectory" class="CmdCdTest" file="D:\Git\Latihan\DOSBox.php\tests\DOSBox\Command\Library\CmdCdTest.php" line="33" assertions="2" time="0.028938"/>
      <testcase name="testCmdCd_ChangeToSubDirectoryWithEndingBacklash_ChangesDirectory" class="CmdCdTest" file="D:\Git\Latihan\DOSBox.php\tests\DOSBox\Command\Library\CmdCdTest.php" line="39" assertions="2" time="0.010857"/>
      <testcase name="testCmdCd_WithBacklash_ChangesToRoot" class="CmdCdTest" file="D:\Git\Latihan\DOSBox.php\tests\DOSBox\Command\Library\CmdCdTest.php" line="45" assertions="2" time="0.011660"/>
      <testcase name="testCmdCd_WithPointPoint_ChangesToParent" class="CmdCdTest" file="D:\Git\Latihan\DOSBox.php\tests\DOSBox\Command\Library\CmdCdTest.php" line="53" assertions="2" time="0.011038"/>
      <testcase name="testCmdCd_WithPointPointInRootDir_RemainsInRootDir" class="CmdCdTest" file="D:\Git\Latihan\DOSBox.php\tests\DOSBox\Command\Library\CmdCdTest.php" line="61" assertions="2" time="0.010781"/>
      <testcase name="testCmdCd_WithPoint_RemainsInCurrentDirectory" class="CmdCdTest" file="D:\Git\Latihan\DOSBox.php\tests\DOSBox\Command\Library\CmdCdTest.php" line="69" assertions="2" time="0.012179"/>
      <testcase name="testCmdCd_WithoutParameter_PrintsCurrentDirectory" class="CmdCdTest" file="D:\Git\Latihan\DOSBox.php\tests\DOSBox\Command\Library\CmdCdTest.php" line="77" assertions="2" time="0.012530"/>
      <testcase name="testCmdCd_WithInvalidAbsolutePath_RemainsInCurrentDirectory" class="CmdCdTest" file="D:\Git\Latihan\DOSBox.php\tests\DOSBox\Command\Library\CmdCdTest.php" line="84" assertions="2" time="0.015274"/>
      <testcase name="testCmdCd_WithFileAsPath_RemainsInCurrentDirectory" class="CmdCdTest" file="D:\Git\Latihan\DOSBox.php\tests\DOSBox\Command\Library\CmdCdTest.php" line="91" assertions="2" time="0.013329"/>
      <testcase name="testCmdCd_WithRelativePath_ChangesDirectory" class="CmdCdTest" file="D:\Git\Latihan\DOSBox.php\tests\DOSBox\Command\Library\CmdCdTest.php" line="98" assertions="2" time="0.011854"/>
      <testcase name="testCmdCd_WithSingleLetterDirectory_ChangesDirectory" class="CmdCdTest" file="D:\Git\Latihan\DOSBox.php\tests\DOSBox\Command\Library\CmdCdTest.php" line="104" assertions="2" time="0.014721"/>
      <testcase name="testCmdCd_ChangeToNotExistingDirectory_PrintsError" class="CmdCdTest" file="D:\Git\Latihan\DOSBox.php\tests\DOSBox\Command\Library\CmdCdTest.php" line="114" assertions="2" time="0.014877"/>
      <testcase name="testCmdCd_AllParametersAreReset" class="CmdCdTest" file="D:\Git\Latihan\DOSBox.php\tests\DOSBox\Command\Library\CmdCdTest.php" line="121" assertions="3" time="0.016266"/>
    </testsuite>
    <testsuite name="CmdDirTest" file="D:\Git\Latihan\DOSBox.php\tests\DOSBox\Command\Library\CmdDirTest.php" tests="11" assertions="18" failures="0" errors="0" time="0.213674">
      <testcase name="testCmdDir_WithoutParameter_PrintPathOfCurrentDirectory" class="CmdDirTest" file="D:\Git\Latihan\DOSBox.php\tests\DOSBox\Command\Library\CmdDirTest.php" line="43" assertions="1" time="0.020397"/>
      <testcase name="testCmdDir_WithoutParameter_PrintFiles" class="CmdDirTest" file="D:\Git\Latihan\DOSBox.php\tests\DOSBox\Command\Library\CmdDirTest.php" line="49" assertions="2" time="0.017720"/>
      <testcase name="testCmdDir_WithoutParameter_PrintDirectories" class="CmdDirTest" file="D:\Git\Latihan\DOSBox.php\tests\DOSBox\Command\Library\CmdDirTest.php" line="56" assertions="2" time="0.021024"/>
      <testcase name="testCmdDir_WithoutParameter_PrintsFooter" class="CmdDirTest" file="D:\Git\Latihan\DOSBox.php\tests\DOSBox\Command\Library\CmdDirTest.php" line="63" assertions="2" time="0.019455"/>
      <testcase name="testCmdDir_PathAsParameter_PrintGivenPath" class="CmdDirTest" file="D:\Git\Latihan\DOSBox.php\tests\DOSBox\Command\Library\CmdDirTest.php" line="70" assertions="1" time="0.017090"/>
      <testcase name="testCmdDir_PathAsParameter_PrintFilesInGivenPath" class="CmdDirTest" file="D:\Git\Latihan\DOSBox.php\tests\DOSBox\Command\Library\CmdDirTest.php" line="76" assertions="1" time="0.017574"/>
      <testcase name="testCmdDir_PathAsParameter_PrintsFooter" class="CmdDirTest" file="D:\Git\Latihan\DOSBox.php\tests\DOSBox\Command\Library\CmdDirTest.php" line="82" assertions="2" time="0.018143"/>
      <testcase name="testCmdDir_FileAsParameter_PrintFilesInGivenPath" class="CmdDirTest" file="D:\Git\Latihan\DOSBox.php\tests\DOSBox\Command\Library\CmdDirTest.php" line="89" assertions="2" time="0.019579"/>
      <testcase name="testCmdDir_FileAsParameter_PrintsFooter" class="CmdDirTest" file="D:\Git\Latihan\DOSBox.php\tests\DOSBox\Command\Library\CmdDirTest.php" line="96" assertions="2" time="0.022410"/>
      <testcase name="testCmdDir_NotExistingDirectory_PrintsError" class="CmdDirTest" file="D:\Git\Latihan\DOSBox.php\tests\DOSBox\Command\Library\CmdDirTest.php" line="103" assertions="1" time="0.012491"/>
      <testcase name="testCmdDir_AllParametersAreReset" class="CmdDirTest" file="D:\Git\Latihan\DOSBox.php\tests\DOSBox\Command\Library\CmdDirTest.php" line="108" assertions="2" time="0.027790"/>
    </testsuite>
    <testsuite name="CmdMkDirTest" file="D:\Git\Latihan\DOSBox.php\tests\DOSBox\Command\Library\CmdMkDirTest.php" tests="6" assertions="15" failures="0" errors="0" time="0.085942">
      <testcase name="testCreateDirectory" class="CmdMkDirTest" file="D:\Git\Latihan\DOSBox.php\tests\DOSBox\Command\Library\CmdMkDirTest.php" line="22" assertions="1" time="0.009120"/>
      <testcase name="testCmdMkDir_CreateNewDirectory_NewDirectoryIsAdded" class="CmdMkDirTest" file="D:\Git\Latihan\DOSBox.php\tests\DOSBox\Command\Library\CmdMkDirTest.php" line="28" assertions="4" time="0.019968"/>
      <testcase name="testCmdMkDir_SingleLetterDirectory_NewDirectoryIsAdded" class="CmdMkDirTest" file="D:\Git\Latihan\DOSBox.php\tests\DOSBox\Command\Library\CmdMkDirTest.php" line="39" assertions="2" time="0.009733"/>
      <testcase name="testCmdMkDir_ParameterContainsBacklash_ErrorMessagePrinted" class="CmdMkDirTest" file="D:\Git\Latihan\DOSBox.php\tests\DOSBox\Command\Library\CmdMkDirTest.php" line="53" assertions="1" time="0.008033"/>
      <testcase name="testCmdMkDir_ParameterContainsBacklash_NoDirectoryCreated" class="CmdMkDirTest" file="D:\Git\Latihan\DOSBox.php\tests\DOSBox\Command\Library\CmdMkDirTest.php" line="58" assertions="2" time="0.013127"/>
      <testcase name="testCmdMkDir_SeveralParameters_SeveralNewDirectoriesCreated" class="CmdMkDirTest" file="D:\Git\Latihan\DOSBox.php\tests\DOSBox\Command\Library\CmdMkDirTest.php" line="64" assertions="5" time="0.025961"/>
    </testsuite>
    <testsuite name="CmdMkFileTest" file="D:\Git\Latihan\DOSBox.php\tests\DOSBox\Command\Library\CmdMkFileTest.php" tests="3" assertions="4" failures="0" errors="0" time="0.031767">
      <testcase name="testCmdMkFile_WithoutContent_CreatesEmptyFile" class="CmdMkFileTest" file="D:\Git\Latihan\DOSBox.php\tests\DOSBox\Command\Library\CmdMkFileTest.php" line="27" assertions="0" time="0.007226"/>
      <testcase name="testCmdMkFile_WithContent_CreatesFileWithContent" class="CmdMkFileTest" file="D:\Git\Latihan\DOSBox.php\tests\DOSBox\Command\Library\CmdMkFileTest.php" line="31" assertions="4" time="0.021068"/>
      <testcase name="testCmdMkFile_NoParameters_ReportsError" class="CmdMkFileTest" file="D:\Git\Latihan\DOSBox.php\tests\DOSBox\Command\Library\CmdMkFileTest.php" line="52" assertions="0" time="0.003473"/>
    </testsuite>
    <testsuite name="DirectoryTest" file="D:\Git\Latihan\DOSBox.php\tests\DOSBox\Filesystem\DirectoryTest.php" tests="5" assertions="6" failures="0" errors="0" time="0.037240">
      <testcase name="testAddDir" class="DirectoryTest" file="D:\Git\Latihan\DOSBox.php\tests\DOSBox\Filesystem\DirectoryTest.php" line="20" assertions="2" time="0.012049"/>
      <testcase name="testRemoveParent" class="DirectoryTest" file="D:\Git\Latihan\DOSBox.php\tests\DOSBox\Filesystem\DirectoryTest.php" line="26" assertions="1" time="0.009993"/>
      <testcase name="testSubdirectoryParentIsSetCorrectly1" class="DirectoryTest" file="D:\Git\Latihan\DOSBox.php\tests\DOSBox\Filesystem\DirectoryTest.php" line="33" assertions="2" time="0.005775"/>
      <testcase name="testRename" class="DirectoryTest" file="D:\Git\Latihan\DOSBox.php\tests\DOSBox\Filesystem\DirectoryTest.php" line="45" assertions="1" time="0.004083"/>
      <testcase name="testNumberOfFilesAndDirectories" class="DirectoryTest" file="D:\Git\Latihan\DOSBox.php\tests\DOSBox\Filesystem\DirectoryTest.php" line="50" assertions="0" time="0.005340"/>
    </testsuite>
    <testsuite name="DriveTest" file="D:\Git\Latihan\DOSBox.php\tests\DOSBox\Filesystem\DriveTest.php" tests="8" assertions="30" failures="0" errors="0" time="0.137614">
      <testcase name="testGetItemFromDirectory" class="DriveTest" file="D:\Git\Latihan\DOSBox.php\tests\DOSBox\Filesystem\DriveTest.php" line="44" assertions="1" time="0.009035"/>
      <testcase name="testPatchGivenItem" class="DriveTest" file="D:\Git\Latihan\DOSBox.php\tests\DOSBox\Filesystem\DriveTest.php" line="49" assertions="1" time="0.013990"/>
      <testcase name="testGetItemFromPath" class="DriveTest" file="D:\Git\Latihan\DOSBox.php\tests\DOSBox\Filesystem\DriveTest.php" line="53" assertions="2" time="0.012123"/>
      <testcase name="testCurrentDirectory" class="DriveTest" file="D:\Git\Latihan\DOSBox.php\tests\DOSBox\Filesystem\DriveTest.php" line="70" assertions="2" time="0.012570"/>
      <testcase name="testGetItemFromPathWithAbsolutePaths" class="DriveTest" file="D:\Git\Latihan\DOSBox.php\tests\DOSBox\Filesystem\DriveTest.php" line="80" assertions="10" time="0.031053"/>
      <testcase name="testGetItemFromPathWithRelativePaths" class="DriveTest" file="D:\Git\Latihan\DOSBox.php\tests\DOSBox\Filesystem\DriveTest.php" line="108" assertions="1" time="0.012230"/>
      <testcase name="testGetItemFromPathWithSpecialPaths" class="DriveTest" file="D:\Git\Latihan\DOSBox.php\tests\DOSBox\Filesystem\DriveTest.php" line="115" assertions="8" time="0.031861"/>
      <testcase name="testSingleCharacterDirectories" class="DriveTest" file="D:\Git\Latihan\DOSBox.php\tests\DOSBox\Filesystem\DriveTest.php" line="147" assertions="5" time="0.014752"/>
    </testsuite>
    <testsuite name="FileTest" file="D:\Git\Latihan\DOSBox.php\tests\DOSBox\Filesystem\FileTest.php" tests="1" assertions="0" failures="0" errors="0" time="0.002498">
      <testcase name="testFile" class="FileTest" file="D:\Git\Latihan\DOSBox.php\tests\DOSBox\Filesystem\FileTest.php" line="12" assertions="0" time="0.002498"/>
    </testsuite>
  </testsuite>
</testsuites>
